
[31mfatal[39m: MongoDB connection error: mongoose.connec is not a function {"timestamp":"2024-10-23T15:58:54.964Z"}
[34minfo[39m: Server online PORT:5000 Mode Server: [[ development ]] {"timestamp":"2024-10-23T15:58:54.973Z"}
[34minfo[39m: Server online PORT:5000 Mode Server: [[ development ]] {"timestamp":"2024-10-23T15:59:08.540Z"}
[34minfo[39m: Connected to MongoDB {"timestamp":"2024-10-23T15:59:08.588Z"}
[34minfo[39m: Server online PORT:5000 Mode Server: [[ development ]] {"timestamp":"2024-10-23T16:26:30.989Z"}
[34minfo[39m: Connected to MongoDB {"timestamp":"2024-10-23T16:26:31.010Z"}
[34minfo[39m: Server online PORT:5000 Mode Server: [[ development ]] {"timestamp":"2024-10-23T16:30:28.686Z"}
[34minfo[39m: Connected to MongoDB {"timestamp":"2024-10-23T16:30:28.707Z"}
[34minfo[39m: Server online PORT:5000 Mode Server: [[ development ]] {"timestamp":"2024-10-23T16:31:07.860Z"}
[34minfo[39m: Connected to MongoDB {"timestamp":"2024-10-23T16:31:07.920Z"}
[34minfo[39m: Server online PORT:5000 Mode Server: [[ development ]] {"timestamp":"2024-10-23T16:31:15.325Z"}
[34minfo[39m: Connected to MongoDB {"timestamp":"2024-10-23T16:31:15.357Z"}
[34minfo[39m: Server online PORT:5000 Mode Server: [[ development ]] {"timestamp":"2024-10-23T16:31:36.071Z"}
[34minfo[39m: Connected to MongoDB {"timestamp":"2024-10-23T16:31:36.153Z"}
[34minfo[39m: Server online PORT:5000 Mode Server: [[ development ]] {"timestamp":"2024-10-23T16:31:51.838Z"}
[34minfo[39m: Connected to MongoDB {"timestamp":"2024-10-23T16:31:51.862Z"}
[34minfo[39m: Server online PORT:5000 Mode Server: [[ development ]] {"timestamp":"2024-10-23T16:33:47.176Z"}
[34minfo[39m: Connected to MongoDB {"timestamp":"2024-10-23T16:33:47.210Z"}
[34minfo[39m: Server online PORT:5000 Mode Server: [[ development ]] {"timestamp":"2024-10-23T16:34:03.528Z"}
[34minfo[39m: Connected to MongoDB {"timestamp":"2024-10-23T16:34:03.569Z"}
[34minfo[39m: Server online PORT:5000 Mode Server: [[ development ]] {"timestamp":"2024-10-23T16:34:17.968Z"}
[34minfo[39m: Connected to MongoDB {"timestamp":"2024-10-23T16:34:17.992Z"}
[34minfo[39m: Server online PORT:5000 Mode Server: [[ development ]] {"timestamp":"2024-10-23T16:34:29.781Z"}
[34minfo[39m: Connected to MongoDB {"timestamp":"2024-10-23T16:34:29.844Z"}
[34minfo[39m: Server online PORT:5000 Mode Server: [[ development ]] {"timestamp":"2024-10-23T16:35:02.180Z"}
[34minfo[39m: Connected to MongoDB {"timestamp":"2024-10-23T16:35:02.222Z"}
[34minfo[39m: Server online PORT:5000 Mode Server: [[ development ]] {"timestamp":"2024-10-23T16:43:49.600Z"}
[34minfo[39m: Connected to MongoDB {"timestamp":"2024-10-23T16:43:49.619Z"}
[34minfo[39m: Server online PORT:5000 Mode Server: [[ development ]] {"timestamp":"2024-10-23T16:44:50.558Z"}
[34minfo[39m: Connected to MongoDB {"timestamp":"2024-10-23T16:44:50.595Z"}
[34minfo[39m: Server online PORT:5000 Mode Server: [[ development ]] {"timestamp":"2024-10-23T16:45:16.237Z"}
[34minfo[39m: Connected to MongoDB {"timestamp":"2024-10-23T16:45:16.260Z"}
[34minfo[39m: Server online PORT:5000 Mode Server: [[ development ]] {"timestamp":"2024-10-23T16:48:11.687Z"}
[34minfo[39m: Connected to MongoDB {"timestamp":"2024-10-23T16:48:11.707Z"}
[34minfo[39m: Server online PORT:5000 Mode Server: [[ development ]] {"timestamp":"2024-10-23T16:48:20.772Z"}
[34minfo[39m: Connected to MongoDB {"timestamp":"2024-10-23T16:48:20.794Z"}
[34minfo[39m: Server online PORT:5000 Mode Server: [[ development ]] {"timestamp":"2024-10-23T16:50:06.129Z"}
[34minfo[39m: Connected to MongoDB {"timestamp":"2024-10-23T16:50:06.152Z"}
[34minfo[39m: Server online PORT:5000 Mode Server: [[ development ]] {"timestamp":"2024-10-23T16:51:32.300Z"}
[34minfo[39m: Connected to MongoDB {"timestamp":"2024-10-23T16:51:32.379Z"}
[34minfo[39m: Server online PORT:5000 Mode Server: [[ development ]] {"timestamp":"2024-10-23T16:54:04.644Z"}
[34minfo[39m: Connected to MongoDB {"timestamp":"2024-10-23T16:54:04.683Z"}
[34minfo[39m: Server online PORT:5000 Mode Server: [[ development ]] {"timestamp":"2024-10-23T17:02:56.119Z"}
[34minfo[39m: Connected to MongoDB {"timestamp":"2024-10-23T17:02:56.139Z"}
[34minfo[39m: Server online PORT:5000 Mode Server: [[ development ]] {"timestamp":"2024-10-23T17:05:26.525Z"}
[34minfo[39m: Connected to MongoDB {"timestamp":"2024-10-23T17:05:26.697Z"}
[34minfo[39m: Server online PORT:5000 Mode Server: [[ development ]] {"timestamp":"2024-10-23T17:58:26.359Z"}
[34minfo[39m: Connected to MongoDB {"timestamp":"2024-10-23T17:58:26.383Z"}
[34minfo[39m: Server online PORT:5000 Mode Server: [[ development ]] {"timestamp":"2024-10-23T18:04:16.979Z"}
[34minfo[39m: Connected to MongoDB {"timestamp":"2024-10-23T18:04:17.001Z"}
[34minfo[39m: Server online PORT:5000 Mode Server: [[ development ]] {"timestamp":"2024-10-23T18:04:32.141Z"}
[34minfo[39m: Connected to MongoDB {"timestamp":"2024-10-23T18:04:32.161Z"}
[34minfo[39m: Server online PORT:5000 Mode Server: [[ development ]] {"timestamp":"2024-10-23T18:11:05.915Z"}
[34minfo[39m: Connected to MongoDB {"timestamp":"2024-10-23T18:11:05.952Z"}
[34minfo[39m: Server online PORT:5000 Mode Server: [[ development ]] {"timestamp":"2024-10-23T18:12:15.226Z"}
[34minfo[39m: Connected to MongoDB {"timestamp":"2024-10-23T18:12:15.265Z"}
[34minfo[39m: Server online PORT:5000 Mode Server: [[ development ]] {"timestamp":"2024-10-23T18:12:31.776Z"}
[34minfo[39m: Connected to MongoDB {"timestamp":"2024-10-23T18:12:31.796Z"}
[34minfo[39m: Server online PORT:5000 Mode Server: [[ development ]] {"timestamp":"2024-10-23T18:12:43.356Z"}
[34minfo[39m: Connected to MongoDB {"timestamp":"2024-10-23T18:12:43.374Z"}
[34minfo[39m: Server online PORT:5000 Mode Server: [[ development ]] {"timestamp":"2024-10-23T18:18:44.454Z"}
[34minfo[39m: Connected to MongoDB {"timestamp":"2024-10-23T18:18:44.497Z"}
[34minfo[39m: Server online PORT:5000 Mode Server: [[ development ]] {"timestamp":"2024-10-24T10:35:04.301Z"}
[34minfo[39m: Connected to MongoDB {"timestamp":"2024-10-24T10:35:04.391Z"}
[34minfo[39m: Server online PORT:5000 Mode Server: [[ development ]] {"timestamp":"2024-10-24T10:39:26.996Z"}
[34minfo[39m: Connected to MongoDB {"timestamp":"2024-10-24T10:39:27.030Z"}
[34minfo[39m: Server online PORT:5000 Mode Server: [[ development ]] {"timestamp":"2024-10-24T10:40:25.342Z"}
[34minfo[39m: Connected to MongoDB {"timestamp":"2024-10-24T10:40:25.391Z"}
[34minfo[39m: Server online PORT:5000 Mode Server: [[ development ]] {"timestamp":"2024-10-24T10:45:47.744Z"}
[34minfo[39m: Connected to MongoDB {"timestamp":"2024-10-24T10:45:47.788Z"}
[34minfo[39m: Server online PORT:5000 Mode Server: [[ development ]] {"timestamp":"2024-10-24T10:50:27.315Z"}
[34minfo[39m: Connected to MongoDB {"timestamp":"2024-10-24T10:50:27.349Z"}
[34minfo[39m: Server online PORT:5000 Mode Server: [[ development ]] {"timestamp":"2024-10-24T10:51:56.906Z"}
[34minfo[39m: Connected to MongoDB {"timestamp":"2024-10-24T10:51:56.947Z"}
[34minfo[39m: Server online PORT:5000 Mode Server: [[ development ]] {"timestamp":"2024-10-24T10:53:18.276Z"}
[34minfo[39m: Connected to MongoDB {"timestamp":"2024-10-24T10:53:18.312Z"}
[34minfo[39m: Server online PORT:5000 Mode Server: [[ development ]] {"timestamp":"2024-10-24T10:58:41.411Z"}
[34minfo[39m: Connected to MongoDB {"timestamp":"2024-10-24T10:58:41.445Z"}
[34minfo[39m: Server online PORT:5000 Mode Server: [[ development ]] {"timestamp":"2024-10-24T11:21:09.347Z"}
[34minfo[39m: Connected to MongoDB {"timestamp":"2024-10-24T11:21:09.373Z"}
[34minfo[39m: Server online PORT:5000 Mode Server: [[ development ]] {"timestamp":"2024-10-24T11:23:14.164Z"}
[34minfo[39m: Connected to MongoDB {"timestamp":"2024-10-24T11:23:14.198Z"}
[34minfo[39m: Server online PORT:5000 Mode Server: [[ development ]] {"timestamp":"2024-10-24T11:24:08.057Z"}
[34minfo[39m: Connected to MongoDB {"timestamp":"2024-10-24T11:24:08.095Z"}
[34minfo[39m: Server online PORT:5000 Mode Server: [[ development ]] {"timestamp":"2024-10-24T11:24:36.375Z"}
[34minfo[39m: Connected to MongoDB {"timestamp":"2024-10-24T11:24:36.411Z"}
[34minfo[39m: Server online PORT:5000 Mode Server: [[ development ]] {"timestamp":"2024-10-24T11:28:11.691Z"}
[34minfo[39m: Connected to MongoDB {"timestamp":"2024-10-24T11:28:11.728Z"}
[34minfo[39m: Server online PORT:5000 Mode Server: [[ development ]] {"timestamp":"2024-10-24T11:29:19.412Z"}
[34minfo[39m: Connected to MongoDB {"timestamp":"2024-10-24T11:29:19.471Z"}
[34minfo[39m: Server online PORT:5000 Mode Server: [[ development ]] {"timestamp":"2024-10-24T11:29:56.274Z"}
[34minfo[39m: Connected to MongoDB {"timestamp":"2024-10-24T11:29:56.324Z"}
[34minfo[39m: Server online PORT:5000 Mode Server: [[ development ]] {"timestamp":"2024-10-24T11:30:03.678Z"}
[34minfo[39m: Connected to MongoDB {"timestamp":"2024-10-24T11:30:03.706Z"}
[34minfo[39m: Server online PORT:5000 Mode Server: [[ development ]] {"timestamp":"2024-10-24T11:30:54.866Z"}
[34minfo[39m: Connected to MongoDB {"timestamp":"2024-10-24T11:30:54.894Z"}
[34minfo[39m: Server online PORT:5000 Mode Server: [[ development ]] {"timestamp":"2024-10-24T11:30:57.426Z"}
[34minfo[39m: Connected to MongoDB {"timestamp":"2024-10-24T11:30:57.448Z"}
[34minfo[39m: Server online PORT:5000 Mode Server: [[ development ]] {"timestamp":"2024-10-24T11:31:53.817Z"}
[34minfo[39m: Connected to MongoDB {"timestamp":"2024-10-24T11:31:53.843Z"}
[31mfatal[39m: GET /api/user/671a2e0ca94744d4a3e250a3 - RES.SSTATUS IS NOT A FUNCTION {"timestamp":"2024-10-24T11:32:25.332Z"}
[34minfo[39m: Server online PORT:5000 Mode Server: [[ development ]] {"timestamp":"2024-10-24T11:32:35.707Z"}
[34minfo[39m: Connected to MongoDB {"timestamp":"2024-10-24T11:32:35.727Z"}
[34minfo[39m: Server online PORT:5000 Mode Server: [[ development ]] {"timestamp":"2024-10-24T11:33:05.785Z"}
[34minfo[39m: Connected to MongoDB {"timestamp":"2024-10-24T11:33:05.804Z"}
[34minfo[39m: Server online PORT:5000 Mode Server: [[ development ]] {"timestamp":"2024-10-24T11:33:21.421Z"}
[34minfo[39m: Connected to MongoDB {"timestamp":"2024-10-24T11:33:21.481Z"}
[34minfo[39m: Server online PORT:5000 Mode Server: [[ development ]] {"timestamp":"2024-10-24T11:33:24.762Z"}
[34minfo[39m: Connected to MongoDB {"timestamp":"2024-10-24T11:33:24.781Z"}
[34minfo[39m: Server online PORT:5000 Mode Server: [[ development ]] {"timestamp":"2024-10-24T11:34:14.485Z"}
[34minfo[39m: Connected to MongoDB {"timestamp":"2024-10-24T11:34:14.541Z"}
[34minfo[39m: Server online PORT:5000 Mode Server: [[ development ]] {"timestamp":"2024-10-24T20:50:47.009Z"}
[34minfo[39m: Connected to MongoDB {"timestamp":"2024-10-24T20:50:47.031Z"}
[34minfo[39m: Server online PORT:5000 Mode Server: [[ development ]] {"timestamp":"2024-10-24T21:04:42.547Z"}
[34minfo[39m: Connected to MongoDB {"timestamp":"2024-10-24T21:04:42.569Z"}
[34minfo[39m: Server online PORT:5000 Mode Server: [[ development ]] {"timestamp":"2024-10-24T21:05:58.794Z"}
[34minfo[39m: Connected to MongoDB {"timestamp":"2024-10-24T21:05:58.842Z"}
[34minfo[39m: Server online PORT:5000 Mode Server: [[ development ]] {"timestamp":"2024-10-24T21:08:09.517Z"}
[34minfo[39m: Connected to MongoDB {"timestamp":"2024-10-24T21:08:09.563Z"}
[34minfo[39m: Server online PORT:5000 Mode Server: [[ development ]] {"timestamp":"2024-10-24T21:39:05.661Z"}
[34minfo[39m: Connected to MongoDB {"timestamp":"2024-10-24T21:39:05.684Z"}
[34minfo[39m: Server online PORT:5000 Mode Server: [[ development ]] {"timestamp":"2024-10-24T21:39:49.092Z"}
[34minfo[39m: Connected to MongoDB {"timestamp":"2024-10-24T21:39:49.113Z"}
[34minfo[39m: Server online PORT:5000 Mode Server: [[ development ]] {"timestamp":"2024-10-24T21:40:03.490Z"}
[34minfo[39m: Connected to MongoDB {"timestamp":"2024-10-24T21:40:03.511Z"}
[34minfo[39m: Server online PORT:5000 Mode Server: [[ development ]] {"timestamp":"2024-10-24T21:40:15.213Z"}
[34minfo[39m: Connected to MongoDB {"timestamp":"2024-10-24T21:40:15.252Z"}
[34minfo[39m: Server online PORT:5000 Mode Server: [[ development ]] {"timestamp":"2024-10-24T21:48:33.394Z"}
[34minfo[39m: Connected to MongoDB {"timestamp":"2024-10-24T21:48:33.422Z"}
[34minfo[39m: Server online PORT:5000 Mode Server: [[ development ]] {"timestamp":"2024-10-24T21:50:42.465Z"}
[34minfo[39m: Connected to MongoDB {"timestamp":"2024-10-24T21:50:42.490Z"}
[34minfo[39m: Server online PORT:5000 Mode Server: [[ development ]] {"timestamp":"2024-10-24T21:51:39.995Z"}
[34minfo[39m: Connected to MongoDB {"timestamp":"2024-10-24T21:51:40.019Z"}
[34minfo[39m: Server online PORT:5000 Mode Server: [[ development ]] {"timestamp":"2024-10-24T21:52:01.211Z"}
[34minfo[39m: Connected to MongoDB {"timestamp":"2024-10-24T21:52:01.251Z"}
[34minfo[39m: Server online PORT:5000 Mode Server: [[ development ]] {"timestamp":"2024-10-24T21:58:40.095Z"}
[34minfo[39m: Connected to MongoDB {"timestamp":"2024-10-24T21:58:40.160Z"}
[34minfo[39m: Server online PORT:5000 Mode Server: [[ development ]] {"timestamp":"2024-10-24T21:59:51.983Z"}
[34minfo[39m: Connected to MongoDB {"timestamp":"2024-10-24T21:59:52.006Z"}
[34minfo[39m: Server online PORT:5000 Mode Server: [[ development ]] {"timestamp":"2024-10-24T22:00:04.727Z"}
[34minfo[39m: Connected to MongoDB {"timestamp":"2024-10-24T22:00:04.751Z"}
[34minfo[39m: Server online PORT:5000 Mode Server: [[ development ]] {"timestamp":"2024-10-24T22:00:25.202Z"}
[34minfo[39m: Connected to MongoDB {"timestamp":"2024-10-24T22:00:25.254Z"}
[34minfo[39m: Server online PORT:5000 Mode Server: [[ development ]] {"timestamp":"2024-10-24T22:01:03.954Z"}
[34minfo[39m: Connected to MongoDB {"timestamp":"2024-10-24T22:01:03.979Z"}
[34minfo[39m: Server online PORT:5000 Mode Server: [[ development ]] {"timestamp":"2024-10-24T22:01:42.479Z"}
[34minfo[39m: Connected to MongoDB {"timestamp":"2024-10-24T22:01:42.518Z"}
[34minfo[39m: Server online PORT:5000 Mode Server: [[ development ]] {"timestamp":"2024-10-24T22:16:44.295Z"}
[34minfo[39m: Connected to MongoDB {"timestamp":"2024-10-24T22:16:44.328Z"}
[34minfo[39m: Connected to MongoDB {"timestamp":"2024-10-24T22:16:45.515Z"}
[34minfo[39m: Connected to MongoDB {"timestamp":"2024-10-24T22:18:59.075Z"}
[34minfo[39m: Worker listening on PORT:5000 {"timestamp":"2024-10-24T22:19:00.860Z"}
[34minfo[39m: Connected to MongoDB {"timestamp":"2024-10-24T22:19:00.880Z"}
[34minfo[39m: Worker listening on PORT:5000 {"timestamp":"2024-10-24T22:19:00.915Z"}
[34minfo[39m: Connected to MongoDB {"timestamp":"2024-10-24T22:19:00.937Z"}
[34minfo[39m: Connected to MongoDB {"timestamp":"2024-10-24T22:19:46.043Z"}
[34minfo[39m: Worker listening on PORT:5000 {"timestamp":"2024-10-24T22:19:47.737Z"}
[34minfo[39m: Connected to MongoDB {"timestamp":"2024-10-24T22:19:47.761Z"}
[34minfo[39m: Worker listening on PORT:5000 {"timestamp":"2024-10-24T22:19:47.780Z"}
[34minfo[39m: Connected to MongoDB {"timestamp":"2024-10-24T22:19:47.811Z"}
[34minfo[39m: Connected to MongoDB {"timestamp":"2024-10-24T22:20:19.445Z"}
[34minfo[39m: Worker listening on PORT:5000 {"timestamp":"2024-10-24T22:20:20.864Z"}
[34minfo[39m: Connected to MongoDB {"timestamp":"2024-10-24T22:20:20.883Z"}
[34minfo[39m: Worker listening on PORT:5000 {"timestamp":"2024-10-24T22:20:20.959Z"}
[34minfo[39m: Connected to MongoDB {"timestamp":"2024-10-24T22:20:20.994Z"}
[34minfo[39m: Connected to MongoDB {"timestamp":"2024-10-24T22:24:58.743Z"}
[34minfo[39m: Worker listening on PORT:5000 {"timestamp":"2024-10-24T22:25:00.367Z"}
[34minfo[39m: Connected to MongoDB {"timestamp":"2024-10-24T22:25:00.415Z"}
